TN:
SF:src/fileHelper.js
FN:2,getFilesStatus
FNF:1
FNH:1
FNDA:1,getFilesStatus
DA:1,1
DA:2,1
DA:3,1
DA:4,1
DA:5,1
DA:6,1
DA:7,1
DA:8,1
DA:9,1
DA:10,1
DA:11,1
DA:12,1
DA:13,1
DA:14,1
DA:15,1
DA:16,1
DA:17,1
DA:18,1
DA:19,1
DA:20,1
DA:21,1
DA:22,1
DA:23,1
DA:24,1
DA:25,1
DA:26,1
DA:27,1
LF:27
LH:27
BRDA:2,0,0,1
BRDA:6,1,0,1
BRF:2
BRH:2
end_of_record
TN:
SF:src/logger.js
FNF:0
FNH:0
DA:1,1
DA:2,1
DA:3,1
DA:4,1
DA:5,1
DA:6,1
DA:7,1
DA:8,1
DA:9,1
LF:9
LH:9
BRF:0
BRH:0
end_of_record
TN:
SF:src/routes.js
FN:9,<instance_members_initializer>
FN:9,Routes
FN:15,setSocketInstance
FN:16,handler
FN:27,defaultRoute
FN:29,options
FN:33,post
FN:49,onFinish
FN:64,get
FNF:9
FNH:9
FNDA:8,<instance_members_initializer>
FNDA:8,Routes
FNDA:1,setSocketInstance
FNDA:7,handler
FNDA:2,defaultRoute
FNDA:1,options
FNDA:1,post
FNDA:1,onFinish
FNDA:1,get
DA:1,1
DA:2,1
DA:3,1
DA:4,1
DA:5,1
DA:6,1
DA:7,1
DA:8,1
DA:9,1
DA:10,8
DA:11,8
DA:12,8
DA:13,8
DA:14,8
DA:15,1
DA:16,1
DA:17,7
DA:18,7
DA:19,7
DA:20,7
DA:21,7
DA:22,7
DA:23,7
DA:24,7
DA:25,7
DA:26,7
DA:27,1
DA:28,2
DA:29,1
DA:30,1
DA:31,1
DA:32,1
DA:33,1
DA:34,1
DA:35,1
DA:36,1
DA:37,1
DA:38,1
DA:39,1
DA:40,1
DA:41,1
DA:42,1
DA:43,1
DA:44,1
DA:45,1
DA:46,1
DA:47,1
DA:48,1
DA:49,1
DA:50,1
DA:51,1
DA:52,1
DA:53,1
DA:54,1
DA:55,1
DA:56,1
DA:57,1
DA:58,1
DA:59,1
DA:60,1
DA:61,1
DA:62,1
DA:63,1
DA:64,1
DA:65,1
DA:66,1
DA:67,1
DA:68,1
DA:69,1
DA:70,1
DA:71,1
DA:72,1
DA:73,1
DA:74,1
DA:75,1
DA:76,1
LF:76
LH:76
BRDA:9,0,0,8
BRDA:9,1,0,8
BRDA:15,2,0,1
BRDA:16,3,0,7
BRDA:25,4,0,2
BRDA:27,5,0,2
BRDA:29,6,0,1
BRDA:33,7,0,1
BRDA:49,8,0,1
BRDA:50,9,0,1
BRDA:64,10,0,1
BRF:11
BRH:11
end_of_record
TN:
SF:src/uploadHandler.js
FN:3,UploadHandler
FN:11,canExecute
FN:15,handleFileBytes
FN:16,handleData
FN:41,onFile
FN:55,registerEvents
FNF:6
FNH:6
FNDA:6,UploadHandler
FNDA:5,canExecute
FNDA:2,handleFileBytes
FNDA:2,handleData
FNDA:1,onFile
FNDA:1,registerEvents
DA:1,1
DA:2,1
DA:3,6
DA:4,6
DA:5,6
DA:6,6
DA:7,6
DA:8,6
DA:9,6
DA:10,6
DA:11,1
DA:12,5
DA:13,5
DA:14,5
DA:15,1
DA:16,2
DA:17,2
DA:18,2
DA:19,2
DA:20,2
DA:21,2
DA:22,2
DA:23,4
DA:24,4
DA:25,4
DA:26,4
DA:27,4
DA:28,4
DA:29,1
DA:30,4
DA:31,3
DA:32,3
DA:33,3
DA:34,3
DA:35,3
DA:36,3
DA:37,3
DA:38,3
DA:39,3
DA:40,3
DA:41,1
DA:42,1
DA:43,1
DA:44,1
DA:45,1
DA:46,1
DA:47,1
DA:48,1
DA:49,1
DA:50,1
DA:51,1
DA:52,1
DA:53,1
DA:54,1
DA:55,1
DA:56,1
DA:57,1
DA:58,1
DA:59,1
DA:60,1
DA:61,1
DA:62,1
DA:63,1
DA:64,1
DA:65,1
DA:66,1
DA:67,1
DA:68,1
DA:69,1
LF:69
LH:69
BRDA:3,0,0,6
BRDA:11,1,0,5
BRDA:15,2,0,2
BRDA:16,3,0,2
BRDA:22,4,0,4
BRDA:28,5,0,1
BRDA:30,6,0,3
BRDA:41,7,0,1
BRDA:55,8,0,1
BRF:9
BRH:9
end_of_record
